<?xml version="1.0" encoding="UTF-8"?>
<testng-results skipped="0" failed="2" total="2" passed="0">
  <reporter-output>
    <line>
      <![CDATA[
 ****** Driver closed After End of Tests ***********]]>
    </line>
  </reporter-output>
  <suite name="Default suite" duration-ms="93332" started-at="2014-08-12T11:40:05Z" finished-at="2014-08-12T11:41:38Z">
    <groups>
    </groups>
    <test name="Default test" duration-ms="93332" started-at="2014-08-12T11:40:05Z" finished-at="2014-08-12T11:41:38Z">
      <class name="com.login.Login">
        <test-method status="PASS" signature="setUp()[pri:0, instance:com.login.Login@1b64c45]" name="setUp" is-config="true" duration-ms="23499" started-at="2014-08-12T12:40:05Z" finished-at="2014-08-12T12:40:28Z">
          <reporter-output>
          </reporter-output>
        </test-method> <!-- setUp -->
        <test-method status="FAIL" signature="positiveTest()[pri:0, instance:com.login.Login@1b64c45]" name="positiveTest" duration-ms="36183" started-at="2014-08-12T12:40:28Z" finished-at="2014-08-12T12:41:04Z">
          <exception class="org.openqa.selenium.InvalidSelectorException">
            <message>
              <![CDATA[The given selector .//*[@id='PageContent_content_controlspanel_0__passwordInput']'] is either invalid or does not result in a WebElement. The following error occurred:
InvalidSelectorError: Unable to locate an element with the xpath expression .//*[@id='PageContent_content_controlspanel_0__passwordInput']'] because of the following error:
[Exception... "The expression is not a legal expression."  code: "12" nsresult: "0x805b0033 (SyntaxError)"  location: "<unknown>"]
Command duration or timeout: 55 milliseconds
For documentation on this error, please visit: http://seleniumhq.org/exceptions/invalid_selector_exception.html
Build info: version: '2.42.2', revision: '6a6995d', time: '2014-06-03 17:42:30'
System info: host: 'RTY', ip: '10.103.125.46', os.name: 'Windows Vista', os.arch: 'x86', os.version: '6.0', java.version: '1.8.0_05'
Driver info: org.openqa.selenium.firefox.FirefoxDriver
Capabilities [{applicationCacheEnabled=true, rotatable=false, handlesAlerts=true, databaseEnabled=true, version=31.0, platform=XP, nativeEvents=false, acceptSslCerts=true, webStorageEnabled=true, locationContextEnabled=true, browserName=firefox, takesScreenshot=true, javascriptEnabled=true, cssSelectorsEnabled=true}]
Session ID: 092b7f2c-31fa-4757-bf9f-edecd528ff74]]>
            </message>
            <full-stacktrace>
              <![CDATA[org.openqa.selenium.InvalidSelectorException: The given selector .//*[@id='PageContent_content_controlspanel_0__passwordInput']'] is either invalid or does not result in a WebElement. The following error occurred:
InvalidSelectorError: Unable to locate an element with the xpath expression .//*[@id='PageContent_content_controlspanel_0__passwordInput']'] because of the following error:
[Exception... "The expression is not a legal expression."  code: "12" nsresult: "0x805b0033 (SyntaxError)"  location: "<unknown>"]
Command duration or timeout: 55 milliseconds
For documentation on this error, please visit: http://seleniumhq.org/exceptions/invalid_selector_exception.html
Build info: version: '2.42.2', revision: '6a6995d', time: '2014-06-03 17:42:30'
System info: host: 'RTY', ip: '10.103.125.46', os.name: 'Windows Vista', os.arch: 'x86', os.version: '6.0', java.version: '1.8.0_05'
Driver info: org.openqa.selenium.firefox.FirefoxDriver
Capabilities [{applicationCacheEnabled=true, rotatable=false, handlesAlerts=true, databaseEnabled=true, version=31.0, platform=XP, nativeEvents=false, acceptSslCerts=true, webStorageEnabled=true, locationContextEnabled=true, browserName=firefox, takesScreenshot=true, javascriptEnabled=true, cssSelectorsEnabled=true}]
Session ID: 092b7f2c-31fa-4757-bf9f-edecd528ff74
	at sun.reflect.NativeConstructorAccessorImpl.newInstance0(Native Method)
	at sun.reflect.NativeConstructorAccessorImpl.newInstance(Unknown Source)
	at sun.reflect.DelegatingConstructorAccessorImpl.newInstance(Unknown Source)
	at java.lang.reflect.Constructor.newInstance(Unknown Source)
	at org.openqa.selenium.remote.ErrorHandler.createThrowable(ErrorHandler.java:204)
	at org.openqa.selenium.remote.ErrorHandler.throwIfResponseFailed(ErrorHandler.java:156)
	at org.openqa.selenium.remote.RemoteWebDriver.execute(RemoteWebDriver.java:599)
	at org.openqa.selenium.remote.RemoteWebDriver.findElement(RemoteWebDriver.java:352)
	at org.openqa.selenium.remote.RemoteWebDriver.findElementByXPath(RemoteWebDriver.java:449)
	at org.openqa.selenium.By$ByXPath.findElement(By.java:357)
	at org.openqa.selenium.remote.RemoteWebDriver.findElement(RemoteWebDriver.java:344)
	at com.login.Login.positiveTest(Login.java:49)
	at sun.reflect.NativeMethodAccessorImpl.invoke0(Native Method)
	at sun.reflect.NativeMethodAccessorImpl.invoke(Unknown Source)
	at sun.reflect.DelegatingMethodAccessorImpl.invoke(Unknown Source)
	at java.lang.reflect.Method.invoke(Unknown Source)
	at org.testng.internal.MethodInvocationHelper.invokeMethod(MethodInvocationHelper.java:84)
	at org.testng.internal.Invoker.invokeMethod(Invoker.java:714)
	at org.testng.internal.Invoker.invokeTestMethod(Invoker.java:901)
	at org.testng.internal.Invoker.invokeTestMethods(Invoker.java:1231)
	at org.testng.internal.TestMethodWorker.invokeTestMethods(TestMethodWorker.java:127)
	at org.testng.internal.TestMethodWorker.run(TestMethodWorker.java:111)
	at org.testng.TestRunner.privateRun(TestRunner.java:767)
	at org.testng.TestRunner.run(TestRunner.java:617)
	at org.testng.SuiteRunner.runTest(SuiteRunner.java:334)
	at org.testng.SuiteRunner.runSequentially(SuiteRunner.java:329)
	at org.testng.SuiteRunner.privateRun(SuiteRunner.java:291)
	at org.testng.SuiteRunner.run(SuiteRunner.java:240)
	at org.testng.SuiteRunnerWorker.runSuite(SuiteRunnerWorker.java:52)
	at org.testng.SuiteRunnerWorker.run(SuiteRunnerWorker.java:86)
	at org.testng.TestNG.runSuitesSequentially(TestNG.java:1224)
	at org.testng.TestNG.runSuitesLocally(TestNG.java:1149)
	at org.testng.TestNG.run(TestNG.java:1057)
	at org.testng.remote.RemoteTestNG.run(RemoteTestNG.java:111)
	at org.testng.remote.RemoteTestNG.initAndRun(RemoteTestNG.java:204)
	at org.testng.remote.RemoteTestNG.main(RemoteTestNG.java:175)
Caused by: org.openqa.selenium.remote.ErrorHandler$UnknownServerException: The given selector .//*[@id='PageContent_content_controlspanel_0__passwordInput']'] is either invalid or does not result in a WebElement. The following error occurred:
InvalidSelectorError: Unable to locate an element with the xpath expression .//*[@id='PageContent_content_controlspanel_0__passwordInput']'] because of the following error:
[Exception... "The expression is not a legal expression."  code: "12" nsresult: "0x805b0033 (SyntaxError)"  location: "<unknown>"]
Build info: version: '2.42.2', revision: '6a6995d', time: '2014-06-03 17:42:30'
System info: host: 'RTY', ip: '10.103.125.46', os.name: 'Windows Vista', os.arch: 'x86', os.version: '6.0', java.version: '1.8.0_05'
Driver info: driver.version: unknown
	at <anonymous class>.FirefoxDriver.annotateInvalidSelectorError_(file:///C:/Users/Ajay/AppData/Local/Temp/anonymous7309844197479596508webdriver-profile/extensions/fxdriver@googlecode.com/components/driver_component.js:9444:5)
	at <anonymous class>.FirefoxDriver.prototype.findElementInternal_(file:///C:/Users/Ajay/AppData/Local/Temp/anonymous7309844197479596508webdriver-profile/extensions/fxdriver@googlecode.com/components/driver_component.js:9475:5)
	at <anonymous class>.FirefoxDriver.prototype.findElement(file:///C:/Users/Ajay/AppData/Local/Temp/anonymous7309844197479596508webdriver-profile/extensions/fxdriver@googlecode.com/components/driver_component.js:9479:3)
	at <anonymous class>.DelayedCommand.prototype.executeInternal_/h(file:///C:/Users/Ajay/AppData/Local/Temp/anonymous7309844197479596508webdriver-profile/extensions/fxdriver@googlecode.com/components/command_processor.js:11455:16)
	at <anonymous class>.DelayedCommand.prototype.executeInternal_(file:///C:/Users/Ajay/AppData/Local/Temp/anonymous7309844197479596508webdriver-profile/extensions/fxdriver@googlecode.com/components/command_processor.js:11460:7)
	at <anonymous class>.DelayedCommand.prototype.execute/<(file:///C:/Users/Ajay/AppData/Local/Temp/anonymous7309844197479596508webdriver-profile/extensions/fxdriver@googlecode.com/components/command_processor.js:11402:5)
]]>
            </full-stacktrace>
          </exception> <!-- org.openqa.selenium.InvalidSelectorException -->
          <reporter-output>
          </reporter-output>
        </test-method> <!-- positiveTest -->
        <test-method status="FAIL" signature="negativeTest()[pri:0, instance:com.login.Login@1b64c45]" name="negativeTest" duration-ms="33537" started-at="2014-08-12T12:41:04Z" finished-at="2014-08-12T12:41:38Z">
          <exception class="org.openqa.selenium.InvalidSelectorException">
            <message>
              <![CDATA[The given selector .//*[@id='PageContent_content_controlspanel_0__passwordInput']'] is either invalid or does not result in a WebElement. The following error occurred:
InvalidSelectorError: Unable to locate an element with the xpath expression .//*[@id='PageContent_content_controlspanel_0__passwordInput']'] because of the following error:
[Exception... "The expression is not a legal expression."  code: "12" nsresult: "0x805b0033 (SyntaxError)"  location: "<unknown>"]
Command duration or timeout: 65 milliseconds
For documentation on this error, please visit: http://seleniumhq.org/exceptions/invalid_selector_exception.html
Build info: version: '2.42.2', revision: '6a6995d', time: '2014-06-03 17:42:30'
System info: host: 'RTY', ip: '10.103.125.46', os.name: 'Windows Vista', os.arch: 'x86', os.version: '6.0', java.version: '1.8.0_05'
Driver info: org.openqa.selenium.firefox.FirefoxDriver
Capabilities [{applicationCacheEnabled=true, rotatable=false, handlesAlerts=true, databaseEnabled=true, version=31.0, platform=XP, nativeEvents=false, acceptSslCerts=true, webStorageEnabled=true, locationContextEnabled=true, browserName=firefox, takesScreenshot=true, javascriptEnabled=true, cssSelectorsEnabled=true}]
Session ID: 092b7f2c-31fa-4757-bf9f-edecd528ff74]]>
            </message>
            <full-stacktrace>
              <![CDATA[org.openqa.selenium.InvalidSelectorException: The given selector .//*[@id='PageContent_content_controlspanel_0__passwordInput']'] is either invalid or does not result in a WebElement. The following error occurred:
InvalidSelectorError: Unable to locate an element with the xpath expression .//*[@id='PageContent_content_controlspanel_0__passwordInput']'] because of the following error:
[Exception... "The expression is not a legal expression."  code: "12" nsresult: "0x805b0033 (SyntaxError)"  location: "<unknown>"]
Command duration or timeout: 65 milliseconds
For documentation on this error, please visit: http://seleniumhq.org/exceptions/invalid_selector_exception.html
Build info: version: '2.42.2', revision: '6a6995d', time: '2014-06-03 17:42:30'
System info: host: 'RTY', ip: '10.103.125.46', os.name: 'Windows Vista', os.arch: 'x86', os.version: '6.0', java.version: '1.8.0_05'
Driver info: org.openqa.selenium.firefox.FirefoxDriver
Capabilities [{applicationCacheEnabled=true, rotatable=false, handlesAlerts=true, databaseEnabled=true, version=31.0, platform=XP, nativeEvents=false, acceptSslCerts=true, webStorageEnabled=true, locationContextEnabled=true, browserName=firefox, takesScreenshot=true, javascriptEnabled=true, cssSelectorsEnabled=true}]
Session ID: 092b7f2c-31fa-4757-bf9f-edecd528ff74
	at sun.reflect.NativeConstructorAccessorImpl.newInstance0(Native Method)
	at sun.reflect.NativeConstructorAccessorImpl.newInstance(Unknown Source)
	at sun.reflect.DelegatingConstructorAccessorImpl.newInstance(Unknown Source)
	at java.lang.reflect.Constructor.newInstance(Unknown Source)
	at org.openqa.selenium.remote.ErrorHandler.createThrowable(ErrorHandler.java:204)
	at org.openqa.selenium.remote.ErrorHandler.throwIfResponseFailed(ErrorHandler.java:156)
	at org.openqa.selenium.remote.RemoteWebDriver.execute(RemoteWebDriver.java:599)
	at org.openqa.selenium.remote.RemoteWebDriver.findElement(RemoteWebDriver.java:352)
	at org.openqa.selenium.remote.RemoteWebDriver.findElementByXPath(RemoteWebDriver.java:449)
	at org.openqa.selenium.By$ByXPath.findElement(By.java:357)
	at org.openqa.selenium.remote.RemoteWebDriver.findElement(RemoteWebDriver.java:344)
	at com.login.Login.negativeTest(Login.java:78)
	at sun.reflect.NativeMethodAccessorImpl.invoke0(Native Method)
	at sun.reflect.NativeMethodAccessorImpl.invoke(Unknown Source)
	at sun.reflect.DelegatingMethodAccessorImpl.invoke(Unknown Source)
	at java.lang.reflect.Method.invoke(Unknown Source)
	at org.testng.internal.MethodInvocationHelper.invokeMethod(MethodInvocationHelper.java:84)
	at org.testng.internal.Invoker.invokeMethod(Invoker.java:714)
	at org.testng.internal.Invoker.invokeTestMethod(Invoker.java:901)
	at org.testng.internal.Invoker.invokeTestMethods(Invoker.java:1231)
	at org.testng.internal.TestMethodWorker.invokeTestMethods(TestMethodWorker.java:127)
	at org.testng.internal.TestMethodWorker.run(TestMethodWorker.java:111)
	at org.testng.TestRunner.privateRun(TestRunner.java:767)
	at org.testng.TestRunner.run(TestRunner.java:617)
	at org.testng.SuiteRunner.runTest(SuiteRunner.java:334)
	at org.testng.SuiteRunner.runSequentially(SuiteRunner.java:329)
	at org.testng.SuiteRunner.privateRun(SuiteRunner.java:291)
	at org.testng.SuiteRunner.run(SuiteRunner.java:240)
	at org.testng.SuiteRunnerWorker.runSuite(SuiteRunnerWorker.java:52)
	at org.testng.SuiteRunnerWorker.run(SuiteRunnerWorker.java:86)
	at org.testng.TestNG.runSuitesSequentially(TestNG.java:1224)
	at org.testng.TestNG.runSuitesLocally(TestNG.java:1149)
	at org.testng.TestNG.run(TestNG.java:1057)
	at org.testng.remote.RemoteTestNG.run(RemoteTestNG.java:111)
	at org.testng.remote.RemoteTestNG.initAndRun(RemoteTestNG.java:204)
	at org.testng.remote.RemoteTestNG.main(RemoteTestNG.java:175)
Caused by: org.openqa.selenium.remote.ErrorHandler$UnknownServerException: The given selector .//*[@id='PageContent_content_controlspanel_0__passwordInput']'] is either invalid or does not result in a WebElement. The following error occurred:
InvalidSelectorError: Unable to locate an element with the xpath expression .//*[@id='PageContent_content_controlspanel_0__passwordInput']'] because of the following error:
[Exception... "The expression is not a legal expression."  code: "12" nsresult: "0x805b0033 (SyntaxError)"  location: "<unknown>"]
Build info: version: '2.42.2', revision: '6a6995d', time: '2014-06-03 17:42:30'
System info: host: 'RTY', ip: '10.103.125.46', os.name: 'Windows Vista', os.arch: 'x86', os.version: '6.0', java.version: '1.8.0_05'
Driver info: driver.version: unknown
	at <anonymous class>.FirefoxDriver.annotateInvalidSelectorError_(file:///C:/Users/Ajay/AppData/Local/Temp/anonymous7309844197479596508webdriver-profile/extensions/fxdriver@googlecode.com/components/driver_component.js:9444:5)
	at <anonymous class>.FirefoxDriver.prototype.findElementInternal_(file:///C:/Users/Ajay/AppData/Local/Temp/anonymous7309844197479596508webdriver-profile/extensions/fxdriver@googlecode.com/components/driver_component.js:9475:5)
	at <anonymous class>.FirefoxDriver.prototype.findElement(file:///C:/Users/Ajay/AppData/Local/Temp/anonymous7309844197479596508webdriver-profile/extensions/fxdriver@googlecode.com/components/driver_component.js:9479:3)
	at <anonymous class>.DelayedCommand.prototype.executeInternal_/h(file:///C:/Users/Ajay/AppData/Local/Temp/anonymous7309844197479596508webdriver-profile/extensions/fxdriver@googlecode.com/components/command_processor.js:11455:16)
	at <anonymous class>.DelayedCommand.prototype.executeInternal_(file:///C:/Users/Ajay/AppData/Local/Temp/anonymous7309844197479596508webdriver-profile/extensions/fxdriver@googlecode.com/components/command_processor.js:11460:7)
	at <anonymous class>.DelayedCommand.prototype.execute/<(file:///C:/Users/Ajay/AppData/Local/Temp/anonymous7309844197479596508webdriver-profile/extensions/fxdriver@googlecode.com/components/command_processor.js:11402:5)
]]>
            </full-stacktrace>
          </exception> <!-- org.openqa.selenium.InvalidSelectorException -->
          <reporter-output>
          </reporter-output>
        </test-method> <!-- negativeTest -->
        <test-method status="PASS" signature="closure()[pri:0, instance:com.login.Login@1b64c45]" name="closure" is-config="true" duration-ms="55" started-at="2014-08-12T12:41:38Z" finished-at="2014-08-12T12:41:38Z">
          <reporter-output>
            <line>
              <![CDATA[
 ****** Driver closed After End of Tests ***********]]>
            </line>
          </reporter-output>
        </test-method> <!-- closure -->
      </class> <!-- com.login.Login -->
    </test> <!-- Default test -->
  </suite> <!-- Default suite -->
</testng-results>
